<?xml version="1.0" encoding="UTF-8"?>
<!-- Generated by org.testng.reporters.JUnitXMLReporter -->
<testsuite ignored="0" hostname="LAPTOP-OHDRA29K" failures="0" tests="4" name="Default test" time="17.301" errors="0" timestamp="2024-09-03T23:21:47 IST">
  <testcase classname="saucelab_TestPageClasses.LoginPageTestClass" name="logintosaucelab" time="2.543"/>
  <testcase classname="saucelab_TestPageClasses.LoginPageTestClass" name="logintosaucelab" time="0.266"/>
  <testcase classname="saucelab_TestPageClasses.LoginPageTestClass" name="logintosaucelab" time="0.558"/>
  <testcase classname="saucelab_TestPageClasses.LoginPageTestClass" name="logintosaucelab" time="7.547"/>
</testsuite> <!-- Default test -->
