<?xml version="1.0" encoding="UTF-8"?>
<testng-results ignored="0" total="1" passed="1" failed="0" skipped="0">
  <reporter-output>
  </reporter-output>
  <suite started-at="2024-07-10T22:44:20 IST" name="Default suite" finished-at="2024-07-10T22:44:29 IST" duration-ms="9310">
    <groups>
    </groups>
    <test started-at="2024-07-10T22:44:20 IST" name="Default test" finished-at="2024-07-10T22:44:29 IST" duration-ms="9310">
      <class name="testNGFramework.DataProvidersTestCases">
        <test-method is-config="true" signature="initialisationMethod()[pri:0, instance:testNGFramework.DataProvidersTestCases@26d9b808]" started-at="2024-07-10T22:44:20 IST" name="initialisationMethod" finished-at="2024-07-10T22:44:29 IST" duration-ms="9258" status="PASS">
          <reporter-output>
          </reporter-output>
        </test-method> <!-- initialisationMethod -->
        <test-method signature="fillFormPageTest()[pri:0, instance:testNGFramework.DataProvidersTestCases@26d9b808]" started-at="2024-07-10T22:44:29 IST" name="fillFormPageTest" finished-at="2024-07-10T22:44:29 IST" duration-ms="15" status="PASS">
          <reporter-output>
          </reporter-output>
        </test-method> <!-- fillFormPageTest -->
        <test-method is-config="true" signature="tearDown()[pri:0, instance:testNGFramework.DataProvidersTestCases@26d9b808]" started-at="2024-07-10T22:44:29 IST" name="tearDown" finished-at="2024-07-10T22:44:29 IST" duration-ms="1" status="PASS">
          <reporter-output>
          </reporter-output>
        </test-method> <!-- tearDown -->
      </class> <!-- testNGFramework.DataProvidersTestCases -->
    </test> <!-- Default test -->
  </suite> <!-- Default suite -->
</testng-results>
